
 ==============================
 S N O P T  7.2-12.3 (Aug 2014)
 ==============================
 
 SNMEMB EXIT 100 -- finished successfully
 SNMEMB INFO 104 -- memory requirements estimated

 ==============================
 S N O P T  7.2-12.3 (Aug 2014)
 ==============================
 
 

 Nonlinear constraints    1091     Linear constraints       0
 Nonlinear variables       162     Linear variables         0
 Jacobian  variables       162     Objective variables    162
 Total constraints        1091     Total variables        162
 

 
 The user has defined       0   out of  176742   constraint gradients.
 The user has defined       0   out of     162   objective  gradients.
 

        Minor   QPmult   nInf   SumInf   rgNorm    QPobjective    nS
          100 -7.2E+00                          -2.7276281E+06    99

 Major Minors     Step   nCon Feasible  Optimal  MeritFunction    nS Penalty
     0    101               1 (0.0E+00) 1.9E+01 -2.7265505E+06   100           r  T
     1     63  1.1E-01      2 (0.0E+00) 1.9E+01 -2.7267907E+06   162         n rl
     2     27  1.0E-01      3 (0.0E+00) 9.9E-01 -2.7270107E+06   136         s  l  c
     2     28  1.0E-01      3 (0.0E+00) 9.9E-01 -2.7270107E+06   136         s     c
     3      9  1.0E+00      4 (8.4E-15) 1.3E+00 -2.7763191E+06   142               c
     4     13  1.0E+00      5 (1.5E-15) 9.8E-01 -2.7973294E+06   138               c
     5      6  1.0E+00      6  9.3E-05  1.3E+00 -2.8170413E+06   137               c
     6     15  1.0E+00      7 (1.3E-15) 9.8E-01 -2.8388784E+06   135               c
     7     10  4.7E-01      8 (3.3E-15) 1.8E+00 -2.8541034E+06   134               c
     8      9  1.0E+00      9 (6.9E-15) 9.3E-01 -2.8650168E+06   134               c
     9      8  1.0E+00     10 (2.0E-15) 1.3E+00 -2.8691583E+06   131               c

 Major Minors     Step   nCon Feasible  Optimal  MeritFunction    nS Penalty
    10      8  1.0E+00     11 (3.6E-15) 1.1E+00 -2.8766525E+06   136               c
    11      9  1.0E+00     12 (9.5E-15) 1.4E+00 -2.8798932E+06   130               c
    12      3  1.0E+00     13 (4.2E-16) 4.5E-01 -2.8847518E+06   128           R   c
    13      2  1.0E+00     14 (2.1E-15) 6.5E-01 -2.8869351E+06   129         s     c
    14      1  1.0E+00     15 (8.0E-16) 9.6E-01 -2.8890691E+06   129               c
    15      2  1.0E+00     16 (6.0E-16) 8.9E-01 -2.8906967E+06   130               c
    16      1  1.0E+00     17 (5.5E-16) 6.0E-01 -2.8928285E+06   130               c
    17      2  1.0E+00     18 (8.3E-16) 4.2E-01 -2.8937025E+06   129               c
    18      2  1.0E+00     19 (9.1E-16) 5.8E-01 -2.8942948E+06   128               c
    19      2  1.0E+00     20 (2.5E-15) 5.4E-01 -2.8952082E+06   129               c

 Major Minors     Step   nCon Feasible  Optimal  MeritFunction    nS Penalty
    20      2  1.0E+00     21 (7.5E-16) 5.9E-01 -2.8957752E+06   128               c
    21      1  1.0E+00     22 (7.5E-16) 6.2E-01 -2.8967115E+06   128               c
    22      5  1.0E+00     23 (9.6E-16) 6.0E-01 -2.8982376E+06   124               c
    23      2  1.0E+00     24 (2.4E-15) 9.2E-01 -2.8993442E+06   125           R   c
    24      2  1.0E+00     25 (2.4E-14) 8.0E-01 -2.9004946E+06   124         s     c
    25      1  1.0E+00     26 (1.7E-15) 8.7E-01 -2.9013263E+06   124               c
    26      1  1.0E+00     27 (1.3E-15) 7.1E-01 -2.9015610E+06   124               c
    27      1  1.0E+00     28 (8.1E-16) 7.2E-01 -2.9019419E+06   124               c
    28      1  1.0E+00     29 (8.1E-16) 6.9E-01 -2.9021681E+06   124               c
    29      2  1.0E+00     30 (8.1E-16) 6.2E-01 -2.9025848E+06   123               c

 Major Minors     Step   nCon Feasible  Optimal  MeritFunction    nS Penalty
    30      1  1.0E+00     31 (8.1E-16) 5.8E-01 -2.9027583E+06   123               c
    31      3  1.0E+00     32 (8.1E-16) 6.5E-01 -2.9031558E+06   125               c
    32      2  4.5E-01     33 (8.1E-16) 7.0E-01 -2.9032904E+06   124               c
    33      3  1.0E+00     34 (8.1E-16) 6.3E-01 -2.9033421E+06   124               c
    34      1  1.0E+00     35 (8.1E-16) 6.6E-01 -2.9036450E+06   124           R   c
    35      1  1.0E+00     36 (8.1E-16) 5.9E-01 -2.9036593E+06   124         s     c
    36      1  1.0E+00     37 (8.1E-16) 5.7E-01 -2.9038464E+06   124               c
    37      1  4.5E-01     38 (8.1E-16) 7.8E-01 -2.9039211E+06   124               c
    38      1  1.0E+00     39 (8.1E-16) 7.7E-01 -2.9039657E+06   124               c
    39      2  1.0E+00     40 (8.1E-16) 7.8E-01 -2.9040615E+06   123               c

 Major Minors     Step   nCon Feasible  Optimal  MeritFunction    nS Penalty
    40      1  1.0E+00     41 (8.1E-16) 6.2E-01 -2.9041094E+06   123               c
    41      1  1.0E+00     42 (8.1E-16) 6.5E-01 -2.9042084E+06   123               c
    42      4  1.0E+00     43 (8.1E-16) 6.3E-01 -2.9043663E+06   124               c
    43      4  1.0E+00     44 (8.1E-16) 5.9E-01 -2.9046192E+06   125               c
    44      2  1.0E+00     45 (8.1E-16) 4.6E-01 -2.9052051E+06   124               c
    45      4  1.0E+00     46 (8.1E-16) 4.7E-01 -2.9056593E+06   123           R   c
    46      1  1.0E+00     47 (8.1E-16) 4.8E-01 -2.9060477E+06   123         s     c
    47      2  1.0E+00     48 (1.7E-15) 4.2E-01 -2.9060983E+06   124               c
    48      2  1.0E+00     49 (3.0E-16) 3.7E-01 -2.9065037E+06   123               c
    49      1  4.8E-01     50 (3.6E-16) 4.6E-01 -2.9066939E+06   123               c

 Major Minors     Step   nCon Feasible  Optimal  MeritFunction    nS Penalty
    50      1  1.0E+00     51 (2.3E-16) 2.7E-01 -2.9068230E+06   123               c
    51      4  3.5E-01     52 (1.6E-16) 3.8E-01 -2.9069762E+06   122               c
    52      6  4.4E-02     53  2.3E-04  3.9E-01 -2.9070229E+06   123               c
    53      2  4.1E-01     54  1.4E-04  6.4E-01 -2.9071230E+06   122               c
    54      1  1.0E+00     55  3.5E-04  6.5E-01 -2.9072611E+06   122               c
    55      3  1.0E+00     56  4.3E-04  1.9E+00 -2.9075111E+06   122               c
    56      3  4.1E-01     57  6.6E-04  2.6E+00 -2.9076330E+06   122           R   c
    57      1  1.0E+00     58  5.1E-04  4.2E+00 -2.9077271E+06   122         s     c
    58      2  4.3E-01     59  3.9E-04  5.8E-01 -2.9076661E+06   121 1.2E-01       c
    59      1  1.0E+00     60  4.8E-04  3.0E+00 -2.9077526E+06   121 1.2E-01       c

 Major Minors     Step   nCon Feasible  Optimal  MeritFunction    nS Penalty
    60      4  1.0E+00     61 (3.4E-16) 4.8E-01 -2.9079998E+06   124 1.2E-01       c
    61      4  1.0E+00     62 (7.1E-16) 1.0E+00 -2.9082300E+06   121 1.2E-01       c
    62      1  1.0E+00     63  4.1E-05  7.9E-01 -2.9083736E+06   121 1.2E-01       c
    63      1  1.0E+00     64  1.6E-04  1.6E+00 -2.9084533E+06   121 1.2E-01       c
    64      1  1.0E+00     65  2.8E-04  6.9E-01 -2.9085027E+06   121 1.2E-01       c
    65      1  4.7E-01     66  1.7E-04  1.0E+00 -2.9085741E+06   121 1.2E-01       c
    66      1  4.8E-01     67  1.5E-04  1.3E+00 -2.9086163E+06   121 1.2E-01       c
    67      1  1.0E+00     68  1.0E-04  1.5E+00 -2.9086486E+06   121 1.2E-01   R   c
    68      1  1.0E+00     69  5.0E-05  1.7E+00 -2.9086793E+06   121 1.2E-01 s     c
    69      1  1.0E+00     70  4.4E-05  2.1E-01 -2.9087264E+06   121 1.2E-01       c

 Major Minors     Step   nCon Feasible  Optimal  MeritFunction    nS Penalty
    70      1  3.1E-01     71  3.1E-05  1.3E+00 -2.9087420E+06   121 1.2E-01       c
    71      1  1.0E+00     72  4.7E-06  7.6E-01 -2.9087443E+06   121 1.2E-01       c
    72      1  1.0E+00     73  1.0E-05  4.0E-01 -2.9087604E+06   121 1.2E-01       c
    73      1  4.5E-01     74  7.5E-06  2.5E-01 -2.9087725E+06   121 1.2E-01       c
    74      1  4.2E-01     75  5.0E-06  2.5E-01 -2.9087819E+06   121 1.2E-01       c
    75      1  4.2E-01     76  2.9E-06  2.3E-01 -2.9087915E+06   121 1.2E-01       c
    76      1  3.4E-01     77  1.9E-06  3.3E-01 -2.9087924E+06   121 1.2E-01       c
    77      2  1.0E+00     78 (3.4E-16) 2.7E-01 -2.9088044E+06   122 1.2E-01       c
    78      1  1.0E+00     79 (2.7E-07) 2.8E-01 -2.9088088E+06   122 1.2E-01   R   c
    79      2  1.0E+00     80  1.3E-06  3.0E-01 -2.9088346E+06   121 1.2E-01 s     c

 Major Minors     Step   nCon Feasible  Optimal  MeritFunction    nS Penalty
    80      1  1.0E+00     81 (7.7E-08) 2.2E-01 -2.9088707E+06   121 1.2E-01       c
    81      1  4.1E-01     82 (5.0E-08) 2.9E-01 -2.9088748E+06   121 1.2E-01       c
    82      1  1.0E+00     83 (9.0E-08) 2.2E-01 -2.9088852E+06   121 1.2E-01       c
    83      1  4.9E-01     84 (3.4E-16) 2.4E-01 -2.9088935E+06   121 1.2E-01       c
    84      2  1.0E+00     85 (3.4E-16) 3.3E-01 -2.9089033E+06   122 1.2E-01       c
    85      1  1.0E+00     86 (1.7E-07) 2.8E-01 -2.9089164E+06   122 1.2E-01       c
    86      1  1.0E+00     87 (1.2E-07) 3.2E-01 -2.9089528E+06   122 1.2E-01       c
    87      1  1.0E+00     88 (4.8E-09) 2.0E-01 -2.9089772E+06   122 1.2E-01       c
    88      2  1.0E+00     89 (3.4E-16) 2.4E-01 -2.9090247E+06   121 1.2E-01       c
    89      2  1.0E+00     90 (3.4E-16) 3.3E-01 -2.9090657E+06   122 1.2E-01   R   c

 Major Minors     Step   nCon Feasible  Optimal  MeritFunction    nS Penalty
    90      2  1.0E+00     91 (8.0E-07) 2.6E-01 -2.9091596E+06   121 1.2E-01 s     c
    91      2  1.0E+00     92 (2.8E-07) 2.5E-01 -2.9092089E+06   122 1.2E-01       c
    92      2  1.0E+00     93 (3.4E-16) 3.4E-01 -2.9092824E+06   123 1.2E-01       c
    93      1  1.0E+00     94 (2.5E-07) 2.9E-01 -2.9093837E+06   123 1.2E-01       c
    94      2  1.0E+00     95 (3.4E-16) 3.0E-01 -2.9093958E+06   122 1.2E-01       c
    95      1  1.0E+00     96 (3.4E-16) 2.7E-01 -2.9096513E+06   122 1.2E-01       c
    96      1  4.9E-01     97 (2.2E-07) 1.9E-01 -2.9096938E+06   122 1.2E-01       c
    97      2  1.0E+00     98 (5.1E-07) 2.7E-01 -2.9097582E+06   123 1.2E-01       c
    98      1  1.0E+00     99 (6.7E-09) 2.2E-01 -2.9098232E+06   123 1.2E-01       c
    99      3  1.0E+00    100 (2.3E-07) 2.0E-01 -2.9098801E+06   123 1.2E-01       c

 Major Minors     Step   nCon Feasible  Optimal  MeritFunction    nS Penalty
   100      2  1.0E+00    101 (1.3E-07) 3.4E-01 -2.9099136E+06   122 1.2E-01   R   c
   101      2  1.0E+00    102 (5.5E-07) 3.4E-01 -2.9100287E+06   123 1.2E-01 s     c
   102      1  5.0E-01    103 (3.6E-07) 3.0E-01 -2.9100508E+06   123 1.2E-01       c
   103      2  1.0E+00    104 (6.5E-10) 3.7E-01 -2.9100841E+06   122 1.2E-01       c
   104      2  1.0E+00    105 (1.0E-08) 2.5E-01 -2.9101232E+06   123 1.2E-01       c
   105      1  1.0E+00    106 (3.9E-16) 2.7E-01 -2.9101521E+06   123 1.2E-01       c
   106      1  1.0E+00    107 (3.4E-16) 3.2E-01 -2.9102053E+06   123 1.2E-01       c
   107      1  1.0E+00    108 (2.3E-07) 3.5E-01 -2.9102442E+06   123 1.2E-01       c
   108      4  1.0E+00    109 (1.6E-07) 3.0E-01 -2.9103284E+06   126 1.2E-01       c
   109      3  1.0E+00    110 (3.4E-16) 3.5E-01 -2.9104101E+06   124 1.2E-01       c

 Major Minors     Step   nCon Feasible  Optimal  MeritFunction    nS Penalty
   110      3  1.0E+00    111 (3.2E-07) 3.9E-01 -2.9105260E+06   122 1.2E-01       c
   111      2  1.0E+00    112 (5.8E-08) 2.9E-01 -2.9105561E+06   123 1.2E-01   R   c
   112      2  1.0E+00    113  1.8E-06  2.2E-01 -2.9106184E+06   122 1.2E-01 s     c
   113      2  1.0E+00    114 (2.2E-07) 2.8E-01 -2.9106325E+06   123 1.2E-01       c
   114      2  1.0E+00    115 (3.5E-07) 3.4E-01 -2.9106805E+06   122 1.2E-01       c
   115      2  1.0E+00    116 (4.2E-07) 3.1E-01 -2.9107012E+06   123 1.2E-01       c
   116      1  1.0E+00    117 (6.5E-07) 2.7E-01 -2.9107714E+06   123 1.2E-01       c
   117      1  1.0E+00    118  2.0E-06  3.5E-01 -2.9108512E+06   123 1.2E-01       c
   118      1  1.0E+00    119 (5.4E-08) 3.4E-01 -2.9110065E+06   123 1.2E-01       c
   119      1  1.0E+00    120  1.2E-06  4.4E-01 -2.9111469E+06   123 1.2E-01       c

 Major Minors     Step   nCon Feasible  Optimal  MeritFunction    nS Penalty
   120      1  1.0E+00    121 (3.4E-16) 2.3E-01 -2.9112949E+06   123 1.2E-01       c
   121      1  1.0E+00    122 (3.4E-16) 4.1E-01 -2.9114867E+06   123 1.2E-01       c
   122      1  1.0E+00    123  1.0E-06  3.6E-01 -2.9117425E+06   123 1.2E-01   R   c
   123      2  1.0E+00    124 (2.4E-07) 2.7E-01 -2.9119118E+06   124 1.2E-01 s     c
   124      2  1.0E+00    125 (3.6E-08) 2.9E-01 -2.9120732E+06   123 1.2E-01       c
   125      1  1.0E+00    126 (3.4E-16) 3.8E-01 -2.9121550E+06   123 1.2E-01       c
   126      3  1.0E+00    127 (3.4E-16) 3.9E-01 -2.9123381E+06   123 1.2E-01       c
   127      1  1.0E+00    128 (1.4E-08) 4.4E-01 -2.9124958E+06   123 1.2E-01       c
   128      4  1.0E+00    129 (2.7E-08) 4.9E-01 -2.9126639E+06   124 1.2E-01       c
   129      4  1.0E+00    130 (2.3E-08) 4.6E-01 -2.9128740E+06   123 1.2E-01       c

 Major Minors     Step   nCon Feasible  Optimal  MeritFunction    nS Penalty
   130      2  1.0E+00    131 (3.4E-16) 4.4E-01 -2.9130100E+06   124 1.2E-01       c
   131      3  4.1E-01    132 (3.4E-16) 5.2E-01 -2.9130606E+06   124 1.2E-01       c
   132      1  1.0E+00    133 (3.5E-08) 4.8E-01 -2.9131539E+06   124 1.2E-01       c
   133      3  1.0E+00    134 (1.5E-08) 4.6E-01 -2.9131988E+06   124 1.2E-01   R   c
   134      2  1.0E+00    135 (3.4E-16) 4.4E-01 -2.9133399E+06   123 1.2E-01 s     c
   135      3  3.6E-01    136 (3.4E-16) 4.1E-01 -2.9133793E+06   125 1.2E-01       c
   136      3  1.0E+00    137 (5.4E-08) 3.9E-01 -2.9134446E+06   123 1.2E-01       c
   137      2  1.0E+00    138 (1.4E-08) 4.6E-01 -2.9134706E+06   122 1.2E-01       c
   138      2  1.0E+00    139 (3.4E-16) 4.7E-01 -2.9135309E+06   123 1.2E-01       c
   139      3  1.0E+00    140 (3.4E-16) 3.8E-01 -2.9135848E+06   123 1.2E-01       c

 Major Minors     Step   nCon Feasible  Optimal  MeritFunction    nS Penalty
   140      2  1.0E+00    141 (3.9E-08) 3.5E-01 -2.9136068E+06   124 1.2E-01       c
   141      2  1.0E+00    142 (3.4E-16) 3.3E-01 -2.9137099E+06   123 1.2E-01       c
   142      3  4.1E-01    143 (3.4E-16) 3.4E-01 -2.9137281E+06   123 1.2E-01       c
   143      1  1.0E+00    144 (1.2E-08) 4.0E-01 -2.9137635E+06   123 1.2E-01       c
   144      2  1.0E+00    145 (3.4E-16) 3.0E-01 -2.9137796E+06   124 1.2E-01   R   c
   145      2  1.0E+00    146 (3.4E-16) 4.4E-01 -2.9138404E+06   125 1.2E-01 s     c
   146      3  1.0E+00    147 (8.7E-09) 2.6E-01 -2.9138867E+06   123 1.2E-01       c
   147      1  4.3E-01    148 (8.6E-09) 2.5E-01 -2.9139058E+06   123 1.2E-01       c
   148      2  3.2E-01    149 (6.0E-09) 2.8E-01 -2.9139144E+06   124 1.2E-01       c
   149      2  4.0E-01    150 (2.4E-09) 4.0E-01 -2.9139260E+06   123 1.2E-01       c

 Major Minors     Step   nCon Feasible  Optimal  MeritFunction    nS Penalty
   150      2  1.0E+00    151 (3.4E-16) 2.9E-01 -2.9139287E+06   124 1.2E-01       c
   151      2  1.0E+00    152 (1.4E-09) 3.1E-01 -2.9139502E+06   123 1.2E-01       c
   152      1  1.0E+00    153 (5.8E-09) 3.0E-01 -2.9139577E+06   123 1.2E-01       c
   153      2  1.0E+00    154 (4.2E-09) 2.3E-01 -2.9139900E+06   124 1.2E-01       c
   154      1  1.0E+00    155 (3.4E-16) 3.1E-01 -2.9139932E+06   124 1.2E-01       c
   155      2  1.0E+00    156 (3.4E-16) 3.5E-01 -2.9140153E+06   123 1.2E-01   R   c
   156      2  1.0E+00    157 (6.7E-09) 3.7E-01 -2.9140296E+06   124 1.2E-01 s     c
   157      1  1.0E+00    158 (3.4E-16) 2.3E-01 -2.9140594E+06   124 1.2E-01       c
   158      1  3.9E-01    159 (3.4E-16) 2.3E-01 -2.9140644E+06   124 1.2E-01       c
   159      3  1.0E+00    160 (3.4E-16) 2.4E-01 -2.9140722E+06   122 1.2E-01       c

 Major Minors     Step   nCon Feasible  Optimal  MeritFunction    nS Penalty
   160      2  1.0E+00    161 (3.4E-16) 2.4E-01 -2.9140778E+06   123 1.2E-01       c
   161      1  1.0E+00    162 (1.3E-09) 3.1E-01 -2.9140838E+06   123 1.2E-01       c
   162      1  1.0E+00    163 (1.2E-09) 2.9E-01 -2.9140886E+06   123 1.2E-01       c
   163      1  1.0E+00    164 (4.2E-10) 2.3E-01 -2.9140916E+06   123 1.2E-01       c
   164      1  1.0E+00    165 (3.4E-16) 2.2E-01 -2.9141020E+06   123 1.2E-01       c
   165      2  1.0E+00    166 (3.4E-16) 2.3E-01 -2.9141059E+06   122 1.2E-01       c
   166      2  1.0E+00    167 (5.9E-10) 2.5E-01 -2.9141065E+06   123 1.2E-01   R   c
   167      1  1.0E+00    168 (1.8E-09) 2.3E-01 -2.9141171E+06   123 1.2E-01 s     c
   168      1  1.0E+00    169 (1.8E-10) 1.8E-01 -2.9141280E+06   123 1.2E-01       c
   169      1  4.9E-01    170 (3.4E-16) 1.9E-01 -2.9141311E+06   123 1.2E-01       c

 Major Minors     Step   nCon Feasible  Optimal  MeritFunction    nS Penalty
   170      1  1.0E+00    171 (3.4E-16) 2.1E-01 -2.9141331E+06   123 1.2E-01       c
   171      1  1.0E+00    172 (3.4E-16) 2.5E-01 -2.9141342E+06   123 1.2E-01       c
   172      2  4.8E-01    173 (1.8E-10) 1.8E-01 -2.9141389E+06   124 1.2E-01       c
   173      2  3.4E-02    174 (2.9E-10) 2.0E-01 -2.9141392E+06   123 1.2E-01       c
   174      1  4.6E-01    175 (1.2E-09) 1.9E-01 -2.9141411E+06   123 1.2E-01       c
   175      1  4.9E-01    176 (1.1E-09) 1.8E-01 -2.9141435E+06   123 1.2E-01       c
   176      1  1.9E-01    177 (1.1E-09) 2.0E-01 -2.9141439E+06   123 1.2E-01       c
   177      1  4.2E-01    178 (9.1E-10) 2.0E-01 -2.9141454E+06   123 1.2E-01   R   c
   178      1  1.0E+00    179 (3.4E-16) 1.9E-01 -2.9141532E+06   123 1.2E-01 s     c
   179      1  4.0E-01    180 (3.4E-16) 1.7E-01 -2.9141546E+06   123 1.2E-01       c

 Major Minors     Step   nCon Feasible  Optimal  MeritFunction    nS Penalty
   180      1  4.2E-01    181 (3.4E-16) 2.4E-01 -2.9141550E+06   123 1.2E-01       c
   181      1  3.9E-01    182 (3.4E-16) 1.9E-01 -2.9141563E+06   123 1.2E-01       c
   182      2  5.5E-02    183 (3.4E-16) 1.9E-01 -2.9141564E+06   122 1.2E-01       c
   183      1  4.5E-03    184 (3.4E-16) 5.6E-01 -2.9141564E+06   122 1.2E-01       c
   184      1  1.0E-04    186 (3.4E-16) 5.6E-01 -2.9141564E+06   122 1.2E-01 n     c
   185      3  2.4E-05    188 (3.4E-16) 6.4E-01 -2.9141564E+06   124 1.2E-01  M    c
   186      5  2.1E-04    189 (1.1E-16) 5.9E-01 -2.9141564E+06   125 1.2E-01       c
   186     10             189 (1.1E-16) 1.8E-01 -2.9141564E+06   123           r   c
   187      1  2.5E-02    190 (4.2E-08) 2.0E-01 -2.9141581E+06   123         s     c
   188      2  4.3E-01    191 (4.6E-17) 2.8E-01 -2.9141600E+06   124               c
   189      3  4.3E-01    192  2.3E-06  2.4E-01 -2.9141620E+06   124               c

 Major Minors     Step   nCon Feasible  Optimal  MeritFunction    nS Penalty
   190      3  2.7E-01    193 (5.2E-07) 1.7E-01 -2.9141635E+06   125               c

 Major Minors     Step   nCon Feasible  Optimal  MeritFunction    nS Penalty
   190      4             193 (5.2E-07) 1.7E-01 -2.9141635E+06   125           r   c
   191      4  3.6E-01    194  3.6E-06  2.7E-01 -2.9141641E+06   124         s     c
   192      2  1.0E+00    195  8.4E-06  2.3E-01 -2.9141713E+06   123               c
   193      1  1.0E+00    196  1.7E-05  2.0E-01 -2.9141748E+06   123               c
   194      1  1.0E+00    197  2.6E-05  2.2E-01 -2.9141758E+06   123               c
   195      2  1.0E+00    198  4.5E-05  2.9E-01 -2.9141807E+06   122               c
   196      1  1.9E-01    199  5.2E-05  4.4E-01 -2.9141821E+06   122               c
   197      2  2.0E-01    200  5.8E-05  1.6E+00 -2.9141829E+06   123               c
 
 SNOPTC EXIT  40 -- terminated after numerical difficulties
 SNOPTC INFO  41 -- current point cannot be improved

 Problem name                 CaseStud
 No. of iterations                 616   Objective value     -2.9141855704E+06
 No. of major iterations           197   Linear objective     0.0000000000E+00
 Penalty parameter           0.000E+00   Nonlinear objective -2.9141855704E+06
 No. of calls to funobj          65177   No. of calls to funcon          65177
 Calls with modes 1,2 (known g)    200   Calls with modes 1,2 (known g)    200
 Calls for forward differencing    486   Calls for forward differencing    486
 Calls for central differencing  64152   Calls for central differencing  64152
 No. of superbasics                123   No. of basic nonlinears            40
 No. of degenerate steps             3   Percentage                       0.49
 Max x                     162 1.2E+04   Max pi                    268 2.8E+01
 Max Primal infeas           0 0.0E+00   Max Dual infeas            17 4.5E+01
 Nonlinear constraint violn    4.7E+00
 
 

 Solution printed on file  18
 
 Time for MPS input                             0.00 seconds
 Time for solving problem                    1753.18 seconds
 Time for solution output                       0.01 seconds
 Time for constraint functions               1751.26 seconds
 Time for objective function                    0.00 seconds
